# JRE version: Java(TM) SE Runtime Environment (8.0_51-b16) (build 1.8.0_51-b16)
# Java VM: Java HotSpot(TM) 64-Bit Server VM (25.51-b03 mixed mode windows-amd64 compressed oops)
Heap:
 PSYoungGen      total 315392K, used 198090K [0x00000000d5580000, 0x00000000fec00000, 0x0000000100000000)
  eden space 232960K, 49% used [0x00000000d5580000,0x00000000dc6e5080,0x00000000e3900000)
  from space 82432K, 99% used [0x00000000e3900000,0x00000000e890d9c0,0x00000000e8980000)
  to   space 222720K, 0% used [0x00000000f1280000,0x00000000f1280000,0x00000000fec00000)
 ParOldGen       total 1129984K, used 869275K [0x0000000080000000, 0x00000000c4f80000, 0x00000000d5580000)
  object space 1129984K, 76% used [0x0000000080000000,0x00000000b50e6ce0,0x00000000c4f80000)
 Metaspace       used 7464K, capacity 7896K, committed 8192K, reserved 1056768K
  class space    used 678K, capacity 720K, committed 768K, reserved 1048576K
GC Heap History (10 events):
Event: 32.767 GC heap before
{Heap before GC invocations=22 (full 4):
 PSYoungGen      total 466944K, used 466557K [0x00000000d5580000, 0x0000000100000000, 0x0000000100000000)
  eden space 335360K, 100% used [0x00000000d5580000,0x00000000e9d00000,0x00000000e9d00000)
  from space 131584K, 99% used [0x00000000e9d00000,0x00000000f1d1f510,0x00000000f1d80000)
  to   space 192512K, 0% used [0x00000000f4400000,0x00000000f4400000,0x0000000100000000)
 ParOldGen       total 782336K, used 493083K [0x0000000080000000, 0x00000000afc00000, 0x00000000d5580000)
  object space 782336K, 63% used [0x0000000080000000,0x000000009e186ed8,0x00000000afc00000)
 Metaspace       used 6636K, capacity 7320K, committed 7680K, reserved 1056768K
  class space    used 621K, capacity 656K, committed 768K, reserved 1048576K
Event: 32.958 GC heap after
Heap after GC invocations=22 (full 4):
 PSYoungGen      total 459264K, used 173376K [0x00000000d5580000, 0x0000000100000000, 0x0000000100000000)
  eden space 266752K, 0% used [0x00000000d5580000,0x00000000d5580000,0x00000000e5a00000)
  from space 192512K, 90% used [0x00000000f4400000,0x00000000fed50098,0x0000000100000000)
  to   space 216064K, 0% used [0x00000000e5a00000,0x00000000e5a00000,0x00000000f2d00000)
 ParOldGen       total 782336K, used 493083K [0x0000000080000000, 0x00000000afc00000, 0x00000000d5580000)
  object space 782336K, 63% used [0x0000000080000000,0x000000009e186ed8,0x00000000afc00000)
 Metaspace       used 6636K, capacity 7320K, committed 7680K, reserved 1056768K
  class space    used 621K, capacity 656K, committed 768K, reserved 1048576K
}
Event: 33.776 GC heap before
{Heap before GC invocations=23 (full 4):
 PSYoungGen      total 459264K, used 440128K [0x00000000d5580000, 0x0000000100000000, 0x0000000100000000)
  eden space 266752K, 100% used [0x00000000d5580000,0x00000000e5a00000,0x00000000e5a00000)
  from space 192512K, 90% used [0x00000000f4400000,0x00000000fed50098,0x0000000100000000)
  to   space 216064K, 0% used [0x00000000e5a00000,0x00000000e5a00000,0x00000000f2d00000)
 ParOldGen       total 782336K, used 493083K [0x0000000080000000, 0x00000000afc00000, 0x00000000d5580000)
  object space 782336K, 63% used [0x0000000080000000,0x000000009e186ed8,0x00000000afc00000)
 Metaspace       used 6636K, capacity 7320K, committed 7680K, reserved 1056768K
  class space    used 621K, capacity 656K, committed 768K, reserved 1048576K
Event: 34.111 GC heap after
Heap after GC invocations=23 (full 4):
 PSYoungGen      total 476672K, used 209683K [0x00000000d5580000, 0x0000000100000000, 0x0000000100000000)
  eden space 266752K, 0% used [0x00000000d5580000,0x00000000d5580000,0x00000000e5a00000)
  from space 209920K, 99% used [0x00000000e5a00000,0x00000000f26c4f58,0x00000000f2700000)
  to   space 222208K, 0% used [0x00000000f2700000,0x00000000f2700000,0x0000000100000000)
 ParOldGen       total 782336K, used 493083K [0x0000000080000000, 0x00000000afc00000, 0x00000000d5580000)
  object space 782336K, 63% used [0x0000000080000000,0x000000009e186ed8,0x00000000afc00000)
 Metaspace       used 6636K, capacity 7320K, committed 7680K, reserved 1056768K
  class space    used 621K, capacity 656K, committed 768K, reserved 1048576K
}
Event: 34.927 GC heap before
{Heap before GC invocations=24 (full 4):
 PSYoungGen      total 476672K, used 476435K [0x00000000d5580000, 0x0000000100000000, 0x0000000100000000)
  eden space 266752K, 100% used [0x00000000d5580000,0x00000000e5a00000,0x00000000e5a00000)
  from space 209920K, 99% used [0x00000000e5a00000,0x00000000f26c4f58,0x00000000f2700000)
  to   space 222208K, 0% used [0x00000000f2700000,0x00000000f2700000,0x0000000100000000)
 ParOldGen       total 782336K, used 493083K [0x0000000080000000, 0x00000000afc00000, 0x00000000d5580000)
  object space 782336K, 63% used [0x0000000080000000,0x000000009e186ed8,0x00000000afc00000)
 Metaspace       used 6637K, capacity 7320K, committed 7680K, reserved 1056768K
  class space    used 621K, capacity 656K, committed 768K, reserved 1048576K
Event: 35.253 GC heap after
Heap after GC invocations=24 (full 4):
 PSYoungGen      total 455168K, used 171717K [0x00000000d5580000, 0x0000000100000000, 0x0000000100000000)
  eden space 232960K, 0% used [0x00000000d5580000,0x00000000d5580000,0x00000000e3900000)
  from space 222208K, 77% used [0x00000000f2700000,0x00000000fceb1528,0x0000000100000000)
  to   space 232960K, 0% used [0x00000000e3900000,0x00000000e3900000,0x00000000f1c80000)
 ParOldGen       total 782336K, used 573344K [0x0000000080000000, 0x00000000afc00000, 0x00000000d5580000)
  object space 782336K, 73% used [0x0000000080000000,0x00000000a2fe82f0,0x00000000afc00000)
 Metaspace       used 6637K, capacity 7320K, committed 7680K, reserved 1056768K
  class space    used 621K, capacity 656K, committed 768K, reserved 1048576K
}
Event: 35.844 GC heap before
{Heap before GC invocations=25 (full 4):
 PSYoungGen      total 455168K, used 404677K [0x00000000d5580000, 0x0000000100000000, 0x0000000100000000)
  eden space 232960K, 100% used [0x00000000d5580000,0x00000000e3900000,0x00000000e3900000)
  from space 222208K, 77% used [0x00000000f2700000,0x00000000fceb1528,0x0000000100000000)
  to   space 232960K, 0% used [0x00000000e3900000,0x00000000e3900000,0x00000000f1c80000)
 ParOldGen       total 782336K, used 573344K [0x0000000080000000, 0x00000000afc00000, 0x00000000d5580000)
  object space 782336K, 73% used [0x0000000080000000,0x00000000a2fe82f0,0x00000000afc00000)
 Metaspace       used 6637K, capacity 7320K, committed 7680K, reserved 1056768K
  class space    used 621K, capacity 656K, committed 768K, reserved 1048576K
Event: 36.085 GC heap after
Heap after GC invocations=25 (full 4):
 PSYoungGen      total 465920K, used 111253K [0x00000000d5580000, 0x0000000100000000, 0x0000000100000000)
  eden space 232960K, 0% used [0x00000000d5580000,0x00000000d5580000,0x00000000e3900000)
  from space 232960K, 47% used [0x00000000e3900000,0x00000000ea5a5598,0x00000000f1c80000)
  to   space 232960K, 0% used [0x00000000f1c80000,0x00000000f1c80000,0x0000000100000000)
 ParOldGen       total 782336K, used 665819K [0x0000000080000000, 0x00000000afc00000, 0x00000000d5580000)
  object space 782336K, 85% used [0x0000000080000000,0x00000000a8a36d10,0x00000000afc00000)
 Metaspace       used 6637K, capacity 7320K, committed 7680K, reserved 1056768K
  class space    used 621K, capacity 656K, committed 768K, reserved 1048576K
}
Event: 36.085 GC heap before
{Heap before GC invocations=26 (full 5):
 PSYoungGen      total 465920K, used 111253K [0x00000000d5580000, 0x0000000100000000, 0x0000000100000000)
  eden space 232960K, 0% used [0x00000000d5580000,0x00000000d5580000,0x00000000e3900000)
  from space 232960K, 47% used [0x00000000e3900000,0x00000000ea5a5598,0x00000000f1c80000)
  to   space 232960K, 0% used [0x00000000f1c80000,0x00000000f1c80000,0x0000000100000000)
 ParOldGen       total 782336K, used 665819K [0x0000000080000000, 0x00000000afc00000, 0x00000000d5580000)
  object space 782336K, 85% used [0x0000000080000000,0x00000000a8a36d10,0x00000000afc00000)
 Metaspace       used 6637K, capacity 7320K, committed 7680K, reserved 1056768K
  class space    used 621K, capacity 656K, committed 768K, reserved 1048576K
Event: 40.292 GC heap after
Heap after GC invocations=26 (full 5):
 PSYoungGen      total 465920K, used 0K [0x00000000d5580000, 0x0000000100000000, 0x0000000100000000)
  eden space 232960K, 0% used [0x00000000d5580000,0x00000000d5580000,0x00000000e3900000)
  from space 232960K, 0% used [0x00000000e3900000,0x00000000e3900000,0x00000000f1c80000)
  to   space 232960K, 0% used [0x00000000f1c80000,0x00000000f1c80000,0x0000000100000000)
 ParOldGen       total 1129984K, used 771977K [0x0000000080000000, 0x00000000c4f80000, 0x00000000d5580000)
  object space 1129984K, 68% used [0x0000000080000000,0x00000000af1e2730,0x00000000c4f80000)
 Metaspace       used 6637K, capacity 7320K, committed 7680K, reserved 1056768K
  class space    used 621K, capacity 656K, committed 768K, reserved 1048576K
}

